This file contains any messages produced by compilers while
running configure, to aid debugging if configure makes a mistake.

It was created by dslib configure 0.0, which was
generated by GNU Autoconf 2.61.  Invocation command line was

  $ ./configure 

## --------- ##
## Platform. ##
## --------- ##

hostname = blue
uname -m = i686
uname -r = 2.6.24-16-generic
uname -s = Linux
uname -v = #1 SMP Thu Apr 10 13:23:42 UTC 2008

/usr/bin/uname -p = unknown
/bin/uname -X     = unknown

/bin/arch              = unknown
/usr/bin/arch -k       = unknown
/usr/convex/getsysinfo = unknown
/usr/bin/hostinfo      = unknown
/bin/machine           = unknown
/usr/bin/oslevel       = unknown
/bin/universe          = unknown

PATH: /usr/local/sbin
PATH: /usr/local/bin
PATH: /usr/sbin
PATH: /usr/bin
PATH: /sbin
PATH: /bin
PATH: /usr/games
PATH: /opt/usr/local/arm/4.3.2/bin/


## ----------- ##
## Core tests. ##
## ----------- ##

configure:1981: checking for a BSD-compatible install
configure:2037: result: /usr/bin/install -c
configure:2048: checking whether build environment is sane
configure:2091: result: yes
configure:2119: checking for a thread-safe mkdir -p
configure:2158: result: /bin/mkdir -p
configure:2171: checking for gawk
configure:2187: found /usr/bin/gawk
configure:2198: result: gawk
configure:2209: checking whether make sets $(MAKE)
configure:2230: result: yes
configure:2471: checking for gcc
configure:2487: found /usr/bin/gcc
configure:2498: result: gcc
configure:2736: checking for C compiler version
configure:2743: gcc --version >&5
gcc (GCC) 4.2.4 (Ubuntu 4.2.4-1ubuntu4)
Copyright (C) 2007 Free Software Foundation, Inc.
This is free software; see the source for copying conditions.  There is NO
warranty; not even for MERCHANTABILITY or FITNESS FOR A PARTICULAR PURPOSE.

configure:2746: $? = 0
configure:2753: gcc -v >&5
Using built-in specs.
Target: i486-linux-gnu
Configured with: ../src/configure -v --enable-languages=c,c++,fortran,objc,obj-c++,treelang --prefix=/usr --enable-shared --with-system-zlib --libexecdir=/usr/lib --without-included-gettext --enable-threads=posix --enable-nls --with-gxx-include-dir=/usr/include/c++/4.2 --program-suffix=-4.2 --enable-clocale=gnu --enable-libstdcxx-debug --enable-objc-gc --enable-mpfr --enable-targets=all --enable-checking=release --build=i486-linux-gnu --host=i486-linux-gnu --target=i486-linux-gnu
Thread model: posix
gcc version 4.2.4 (Ubuntu 4.2.4-1ubuntu4)
configure:2756: $? = 0
configure:2763: gcc -V >&5
gcc: '-V' option must have argument
configure:2766: $? = 1
configure:2789: checking for C compiler default output file name
configure:2816: gcc    conftest.c  >&5
configure:2819: $? = 0
configure:2857: result: a.out
configure:2874: checking whether the C compiler works
configure:2884: ./a.out
configure:2887: $? = 0
configure:2904: result: yes
configure:2911: checking whether we are cross compiling
configure:2913: result: no
configure:2916: checking for suffix of executables
configure:2923: gcc -o conftest    conftest.c  >&5
configure:2926: $? = 0
configure:2950: result: 
configure:2956: checking for suffix of object files
configure:2982: gcc -c   conftest.c >&5
configure:2985: $? = 0
configure:3008: result: o
configure:3012: checking whether we are using the GNU C compiler
configure:3041: gcc -c   conftest.c >&5
configure:3047: $? = 0
configure:3064: result: yes
configure:3069: checking whether gcc accepts -g
configure:3099: gcc -c -g  conftest.c >&5
configure:3105: $? = 0
configure:3204: result: yes
configure:3221: checking for gcc option to accept ISO C89
configure:3295: gcc  -c -g -O2  conftest.c >&5
configure:3301: $? = 0
configure:3324: result: none needed
configure:3353: checking for style of include used by make
configure:3381: result: GNU
configure:3406: checking dependency style of gcc
configure:3497: result: gcc3
configure:3592: checking build system type
configure:3610: result: i686-pc-linux-gnu
configure:3632: checking host system type
configure:3647: result: i686-pc-linux-gnu
configure:3669: checking for a sed that does not truncate output
configure:3725: result: /bin/sed
configure:3728: checking for grep that handles long lines and -e
configure:3802: result: /bin/grep
configure:3807: checking for egrep
configure:3885: result: /bin/grep -E
configure:3901: checking for ld used by gcc
configure:3968: result: /usr/bin/ld
configure:3977: checking if the linker (/usr/bin/ld) is GNU ld
configure:3992: result: yes
configure:3997: checking for /usr/bin/ld option to reload object files
configure:4004: result: -r
configure:4022: checking for BSD-compatible nm
configure:4071: result: /usr/bin/nm -B
configure:4075: checking whether ln -s works
configure:4079: result: yes
configure:4086: checking how to recognize dependent libraries
configure:4272: result: pass_all
configure:4517: checking how to run the C preprocessor
configure:4557: gcc -E  conftest.c
configure:4563: $? = 0
configure:4594: gcc -E  conftest.c
conftest.c:10:28: error: ac_nonexistent.h: No such file or directory
configure:4600: $? = 1
configure: failed program was:
| /* confdefs.h.  */
| #define PACKAGE_NAME "dslib"
| #define PACKAGE_TARNAME "dslib"
| #define PACKAGE_VERSION "0.0"
| #define PACKAGE_STRING "dslib 0.0"
| #define PACKAGE_BUGREPORT "xxz1983@gmail.com"
| #define PACKAGE "dslib"
| #define VERSION "0.0"
| /* end confdefs.h.  */
| #include <ac_nonexistent.h>
configure:4633: result: gcc -E
configure:4662: gcc -E  conftest.c
configure:4668: $? = 0
configure:4699: gcc -E  conftest.c
conftest.c:10:28: error: ac_nonexistent.h: No such file or directory
configure:4705: $? = 1
configure: failed program was:
| /* confdefs.h.  */
| #define PACKAGE_NAME "dslib"
| #define PACKAGE_TARNAME "dslib"
| #define PACKAGE_VERSION "0.0"
| #define PACKAGE_STRING "dslib 0.0"
| #define PACKAGE_BUGREPORT "xxz1983@gmail.com"
| #define PACKAGE "dslib"
| #define VERSION "0.0"
| /* end confdefs.h.  */
| #include <ac_nonexistent.h>
configure:4743: checking for ANSI C header files
configure:4773: gcc -c -g -O2  conftest.c >&5
configure:4779: $? = 0
configure:4878: gcc -o conftest -g -O2   conftest.c  >&5
configure:4881: $? = 0
configure:4887: ./conftest
configure:4890: $? = 0
configure:4907: result: yes
configure:4931: checking for sys/types.h
configure:4952: gcc -c -g -O2  conftest.c >&5
configure:4958: $? = 0
configure:4974: result: yes
configure:4931: checking for sys/stat.h
configure:4952: gcc -c -g -O2  conftest.c >&5
configure:4958: $? = 0
configure:4974: result: yes
configure:4931: checking for stdlib.h
configure:4952: gcc -c -g -O2  conftest.c >&5
configure:4958: $? = 0
configure:4974: result: yes
configure:4931: checking for string.h
configure:4952: gcc -c -g -O2  conftest.c >&5
configure:4958: $? = 0
configure:4974: result: yes
configure:4931: checking for memory.h
configure:4952: gcc -c -g -O2  conftest.c >&5
configure:4958: $? = 0
configure:4974: result: yes
configure:4931: checking for strings.h
configure:4952: gcc -c -g -O2  conftest.c >&5
configure:4958: $? = 0
configure:4974: result: yes
configure:4931: checking for inttypes.h
configure:4952: gcc -c -g -O2  conftest.c >&5
configure:4958: $? = 0
configure:4974: result: yes
configure:4931: checking for stdint.h
configure:4952: gcc -c -g -O2  conftest.c >&5
configure:4958: $? = 0
configure:4974: result: yes
configure:4931: checking for unistd.h
configure:4952: gcc -c -g -O2  conftest.c >&5
configure:4958: $? = 0
configure:4974: result: yes
configure:5001: checking dlfcn.h usability
configure:5018: gcc -c -g -O2  conftest.c >&5
configure:5024: $? = 0
configure:5038: result: yes
configure:5042: checking dlfcn.h presence
configure:5057: gcc -E  conftest.c
configure:5063: $? = 0
configure:5077: result: yes
configure:5110: checking for dlfcn.h
configure:5118: result: yes
configure:5189: checking for g++
configure:5205: found /usr/bin/g++
configure:5216: result: g++
configure:5247: checking for C++ compiler version
configure:5254: g++ --version >&5
g++ (GCC) 4.2.4 (Ubuntu 4.2.4-1ubuntu4)
Copyright (C) 2007 Free Software Foundation, Inc.
This is free software; see the source for copying conditions.  There is NO
warranty; not even for MERCHANTABILITY or FITNESS FOR A PARTICULAR PURPOSE.

configure:5257: $? = 0
configure:5264: g++ -v >&5
Using built-in specs.
Target: i486-linux-gnu
Configured with: ../src/configure -v --enable-languages=c,c++,fortran,objc,obj-c++,treelang --prefix=/usr --enable-shared --with-system-zlib --libexecdir=/usr/lib --without-included-gettext --enable-threads=posix --enable-nls --with-gxx-include-dir=/usr/include/c++/4.2 --program-suffix=-4.2 --enable-clocale=gnu --enable-libstdcxx-debug --enable-objc-gc --enable-mpfr --enable-targets=all --enable-checking=release --build=i486-linux-gnu --host=i486-linux-gnu --target=i486-linux-gnu
Thread model: posix
gcc version 4.2.4 (Ubuntu 4.2.4-1ubuntu4)
configure:5267: $? = 0
configure:5274: g++ -V >&5
g++: '-V' option must have argument
configure:5277: $? = 1
configure:5280: checking whether we are using the GNU C++ compiler
configure:5309: g++ -c   conftest.cpp >&5
configure:5315: $? = 0
configure:5332: result: yes
configure:5337: checking whether g++ accepts -g
configure:5367: g++ -c -g  conftest.cpp >&5
configure:5373: $? = 0
configure:5472: result: yes
configure:5497: checking dependency style of g++
configure:5588: result: gcc3
configure:5613: checking how to run the C++ preprocessor
configure:5649: g++ -E  conftest.cpp
configure:5655: $? = 0
configure:5686: g++ -E  conftest.cpp
conftest.cpp:21:28: error: ac_nonexistent.h: No such file or directory
configure:5692: $? = 1
configure: failed program was:
| /* confdefs.h.  */
| #define PACKAGE_NAME "dslib"
| #define PACKAGE_TARNAME "dslib"
| #define PACKAGE_VERSION "0.0"
| #define PACKAGE_STRING "dslib 0.0"
| #define PACKAGE_BUGREPORT "xxz1983@gmail.com"
| #define PACKAGE "dslib"
| #define VERSION "0.0"
| #define STDC_HEADERS 1
| #define HAVE_SYS_TYPES_H 1
| #define HAVE_SYS_STAT_H 1
| #define HAVE_STDLIB_H 1
| #define HAVE_STRING_H 1
| #define HAVE_MEMORY_H 1
| #define HAVE_STRINGS_H 1
| #define HAVE_INTTYPES_H 1
| #define HAVE_STDINT_H 1
| #define HAVE_UNISTD_H 1
| #define HAVE_DLFCN_H 1
| /* end confdefs.h.  */
| #include <ac_nonexistent.h>
configure:5725: result: g++ -E
configure:5754: g++ -E  conftest.cpp
configure:5760: $? = 0
configure:5791: g++ -E  conftest.cpp
conftest.cpp:21:28: error: ac_nonexistent.h: No such file or directory
configure:5797: $? = 1
configure: failed program was:
| /* confdefs.h.  */
| #define PACKAGE_NAME "dslib"
| #define PACKAGE_TARNAME "dslib"
| #define PACKAGE_VERSION "0.0"
| #define PACKAGE_STRING "dslib 0.0"
| #define PACKAGE_BUGREPORT "xxz1983@gmail.com"
| #define PACKAGE "dslib"
| #define VERSION "0.0"
| #define STDC_HEADERS 1
| #define HAVE_SYS_TYPES_H 1
| #define HAVE_SYS_STAT_H 1
| #define HAVE_STDLIB_H 1
| #define HAVE_STRING_H 1
| #define HAVE_MEMORY_H 1
| #define HAVE_STRINGS_H 1
| #define HAVE_INTTYPES_H 1
| #define HAVE_STDINT_H 1
| #define HAVE_UNISTD_H 1
| #define HAVE_DLFCN_H 1
| /* end confdefs.h.  */
| #include <ac_nonexistent.h>
configure:5890: checking for g77
configure:5920: result: no
configure:5890: checking for xlf
configure:5920: result: no
configure:5890: checking for f77
configure:5920: result: no
configure:5890: checking for frt
configure:5920: result: no
configure:5890: checking for pgf77
configure:5920: result: no
configure:5890: checking for cf77
configure:5920: result: no
configure:5890: checking for fort77
configure:5920: result: no
configure:5890: checking for fl32
configure:5920: result: no
configure:5890: checking for af77
configure:5920: result: no
configure:5890: checking for xlf90
configure:5920: result: no
configure:5890: checking for f90
configure:5920: result: no
configure:5890: checking for pgf90
configure:5920: result: no
configure:5890: checking for pghpf
configure:5920: result: no
configure:5890: checking for epcf90
configure:5920: result: no
configure:5890: checking for gfortran
configure:5920: result: no
configure:5890: checking for g95
configure:5920: result: no
configure:5890: checking for xlf95
configure:5920: result: no
configure:5890: checking for f95
configure:5920: result: no
configure:5890: checking for fort
configure:5920: result: no
configure:5890: checking for ifort
configure:5920: result: no
configure:5890: checking for ifc
configure:5920: result: no
configure:5890: checking for efc
configure:5920: result: no
configure:5890: checking for pgf95
configure:5920: result: no
configure:5890: checking for lf95
configure:5920: result: no
configure:5890: checking for ftn
configure:5920: result: no
configure:5947: checking for Fortran 77 compiler version
configure:5954:  --version >&5
./configure: line 5955: --version: command not found
configure:5957: $? = 127
configure:5964:  -v >&5
./configure: line 5965: -v: command not found
configure:5967: $? = 127
configure:5974:  -V >&5
./configure: line 5975: -V: command not found
configure:5977: $? = 127
configure:5985: checking whether we are using the GNU Fortran 77 compiler
configure:6004:  -c  conftest.F >&5
./configure: line 6005: -c: command not found
configure:6010: $? = 127
configure: failed program was:
|       program main
| #ifndef __GNUC__
|        choke me
| #endif
| 
|       end
configure:6027: result: no
configure:6033: checking whether  accepts -g
configure:6050:  -c -g conftest.f >&5
./configure: line 6051: -c: command not found
configure:6056: $? = 127
configure: failed program was:
|       program main
| 
|       end
configure:6072: result: no
configure:6101: checking the maximum length of command line arguments
configure:6213: result: 98304
configure:6225: checking command to parse /usr/bin/nm -B output from gcc object
configure:6330: gcc -c -g -O2  conftest.c >&5
configure:6333: $? = 0
configure:6337: /usr/bin/nm -B conftest.o \| sed -n -e 's/^.*[ 	]\([ABCDGIRSTW][ABCDGIRSTW]*\)[ 	][ 	]*\([_A-Za-z][_A-Za-z0-9]*\)$/\1 \2 \2/p' \> conftest.nm
configure:6340: $? = 0
configure:6392: gcc -o conftest -g -O2   conftest.c conftstm.o >&5
configure:6395: $? = 0
configure:6433: result: ok
configure:6437: checking for objdir
configure:6452: result: .libs
configure:6544: checking for ar
configure:6560: found /usr/bin/ar
configure:6571: result: ar
configure:6640: checking for ranlib
configure:6656: found /usr/bin/ranlib
configure:6667: result: ranlib
configure:6736: checking for strip
configure:6752: found /usr/bin/strip
configure:6763: result: strip
configure:7361: checking if gcc supports -fno-rtti -fno-exceptions
configure:7379: gcc -c -g -O2  -fno-rtti -fno-exceptions conftest.c >&5
cc1: warning: command line option "-fno-rtti" is valid for C++/ObjC++ but not for C
configure:7383: $? = 0
configure:7396: result: no
configure:7411: checking for gcc option to produce PIC
configure:7643: result: -fPIC
configure:7651: checking if gcc PIC flag -fPIC works
configure:7669: gcc -c -g -O2  -fPIC -DPIC conftest.c >&5
configure:7673: $? = 0
configure:7686: result: yes
configure:7714: checking if gcc static flag -static works
configure:7742: result: yes
configure:7752: checking if gcc supports -c -o file.o
configure:7773: gcc -c -g -O2  -o out/conftest2.o conftest.c >&5
configure:7777: $? = 0
configure:7799: result: yes
configure:7825: checking whether the gcc linker (/usr/bin/ld) supports shared libraries
configure:8806: result: yes
configure:8827: checking whether -lc should be explicitly linked in
configure:8832: gcc -c -g -O2  conftest.c >&5
configure:8835: $? = 0
configure:8850: gcc -shared conftest.o  -v -Wl,-soname -Wl,conftest -o conftest 2\>\&1 \| grep  -lc  \>/dev/null 2\>\&1
configure:8853: $? = 0
configure:8865: result: no
configure:8873: checking dynamic linker characteristics
configure:9487: result: GNU/Linux ld.so
configure:9511: checking how to hardcode library paths into programs
configure:9536: result: immediate
configure:9550: checking whether stripping libraries is possible
configure:9555: result: yes
configure:10357: checking if libtool supports shared libraries
configure:10359: result: yes
configure:10362: checking whether to build shared libraries
configure:10383: result: yes
configure:10386: checking whether to build static libraries
configure:10390: result: yes
configure:10484: creating libtool
configure:11077: checking for ld used by g++
configure:11144: result: /usr/bin/ld
configure:11153: checking if the linker (/usr/bin/ld) is GNU ld
configure:11168: result: yes
configure:11219: checking whether the g++ linker (/usr/bin/ld) supports shared libraries
configure:12165: result: yes
configure:12182: g++ -c -g -O2  conftest.cpp >&5
configure:12185: $? = 0
configure:12341: checking for g++ option to produce PIC
configure:12625: result: -fPIC
configure:12633: checking if g++ PIC flag -fPIC works
configure:12651: g++ -c -g -O2  -fPIC -DPIC conftest.cpp >&5
configure:12655: $? = 0
configure:12668: result: yes
configure:12696: checking if g++ static flag -static works
configure:12724: result: yes
configure:12734: checking if g++ supports -c -o file.o
configure:12755: g++ -c -g -O2  -o out/conftest2.o conftest.cpp >&5
configure:12759: $? = 0
configure:12781: result: yes
configure:12807: checking whether the g++ linker (/usr/bin/ld) supports shared libraries
configure:12836: result: yes
configure:12903: checking dynamic linker characteristics
configure:13465: result: GNU/Linux ld.so
configure:13489: checking how to hardcode library paths into programs
configure:13514: result: immediate
configure:19772: checking for stdlib.h
configure:19778: result: yes
configure:19912: checking for GNU libc compatible malloc
configure:19946: gcc -o conftest -g -O2   conftest.c  >&5
configure:19949: $? = 0
configure:19955: ./conftest
configure:19958: $? = 0
configure:19974: result: yes
configure:20126: creating ./config.status

## ---------------------- ##
## Running config.status. ##
## ---------------------- ##

This file was extended by dslib config.status 0.0, which was
generated by GNU Autoconf 2.61.  Invocation command line was

  CONFIG_FILES    = 
  CONFIG_HEADERS  = 
  CONFIG_LINKS    = 
  CONFIG_COMMANDS = 
  $ ./config.status 

on blue

config.status:666: creating Makefile
config.status:666: creating lib/Makefile
config.status:666: creating src/Makefile
config.status:666: creating config.h
config.status:942: executing depfiles commands

## ---------------- ##
## Cache variables. ##
## ---------------- ##

ac_cv_build=i686-pc-linux-gnu
ac_cv_c_compiler_gnu=yes
ac_cv_cxx_compiler_gnu=yes
ac_cv_env_CCC_set=
ac_cv_env_CCC_value=
ac_cv_env_CC_set=
ac_cv_env_CC_value=
ac_cv_env_CFLAGS_set=
ac_cv_env_CFLAGS_value=
ac_cv_env_CPPFLAGS_set=
ac_cv_env_CPPFLAGS_value=
ac_cv_env_CPP_set=
ac_cv_env_CPP_value=
ac_cv_env_CXXCPP_set=
ac_cv_env_CXXCPP_value=
ac_cv_env_CXXFLAGS_set=
ac_cv_env_CXXFLAGS_value=
ac_cv_env_CXX_set=
ac_cv_env_CXX_value=
ac_cv_env_F77_set=
ac_cv_env_F77_value=
ac_cv_env_FFLAGS_set=
ac_cv_env_FFLAGS_value=
ac_cv_env_LDFLAGS_set=
ac_cv_env_LDFLAGS_value=
ac_cv_env_LIBS_set=
ac_cv_env_LIBS_value=
ac_cv_env_build_alias_set=
ac_cv_env_build_alias_value=
ac_cv_env_host_alias_set=
ac_cv_env_host_alias_value=
ac_cv_env_target_alias_set=
ac_cv_env_target_alias_value=
ac_cv_f77_compiler_gnu=no
ac_cv_func_malloc_0_nonnull=yes
ac_cv_header_dlfcn_h=yes
ac_cv_header_inttypes_h=yes
ac_cv_header_memory_h=yes
ac_cv_header_stdc=yes
ac_cv_header_stdint_h=yes
ac_cv_header_stdlib_h=yes
ac_cv_header_string_h=yes
ac_cv_header_strings_h=yes
ac_cv_header_sys_stat_h=yes
ac_cv_header_sys_types_h=yes
ac_cv_header_unistd_h=yes
ac_cv_host=i686-pc-linux-gnu
ac_cv_objext=o
ac_cv_path_EGREP='/bin/grep -E'
ac_cv_path_GREP=/bin/grep
ac_cv_path_install='/usr/bin/install -c'
ac_cv_path_mkdir=/bin/mkdir
ac_cv_prog_AWK=gawk
ac_cv_prog_CPP='gcc -E'
ac_cv_prog_CXXCPP='g++ -E'
ac_cv_prog_ac_ct_AR=ar
ac_cv_prog_ac_ct_CC=gcc
ac_cv_prog_ac_ct_CXX=g++
ac_cv_prog_ac_ct_RANLIB=ranlib
ac_cv_prog_ac_ct_STRIP=strip
ac_cv_prog_cc_c89=
ac_cv_prog_cc_g=yes
ac_cv_prog_cxx_g=yes
ac_cv_prog_f77_g=no
ac_cv_prog_make_make_set=yes
am_cv_CC_dependencies_compiler_type=gcc3
am_cv_CXX_dependencies_compiler_type=gcc3
lt_cv_deplibs_check_method=pass_all
lt_cv_file_magic_cmd='$MAGIC_CMD'
lt_cv_file_magic_test_file=
lt_cv_ld_reload_flag=-r
lt_cv_objdir=.libs
lt_cv_path_LD=/usr/bin/ld
lt_cv_path_LDCXX=/usr/bin/ld
lt_cv_path_NM='/usr/bin/nm -B'
lt_cv_path_SED=/bin/sed
lt_cv_prog_compiler_c_o=yes
lt_cv_prog_compiler_c_o_CXX=yes
lt_cv_prog_compiler_pic_works=yes
lt_cv_prog_compiler_pic_works_CXX=yes
lt_cv_prog_compiler_rtti_exceptions=no
lt_cv_prog_compiler_static_works=yes
lt_cv_prog_compiler_static_works_CXX=yes
lt_cv_prog_gnu_ld=yes
lt_cv_prog_gnu_ldcxx=yes
lt_cv_sys_global_symbol_pipe='sed -n -e '\''s/^.*[ 	]\([ABCDGIRSTW][ABCDGIRSTW]*\)[ 	][ 	]*\([_A-Za-z][_A-Za-z0-9]*\)$/\1 \2 \2/p'\'''
lt_cv_sys_global_symbol_to_c_name_address='sed -n -e '\''s/^: \([^ ]*\) $/  {\"\1\", (lt_ptr) 0},/p'\'' -e '\''s/^[BCDEGRST] \([^ ]*\) \([^ ]*\)$/  {"\2", (lt_ptr) \&\2},/p'\'''
lt_cv_sys_global_symbol_to_cdecl='sed -n -e '\''s/^. .* \(.*\)$/extern int \1;/p'\'''
lt_cv_sys_lib_dlsearch_path_spec='/lib /usr/lib /lib/i486-linux-gnu /usr/lib/i486-linux-gnu /usr/local/lib '
lt_cv_sys_lib_search_path_spec='/usr/lib/gcc/i486-linux-gnu/4.2.4 /usr/lib /lib'
lt_cv_sys_max_cmd_len=98304
lt_lt_cv_prog_compiler_c_o='"yes"'
lt_lt_cv_prog_compiler_c_o_CXX='"yes"'
lt_lt_cv_sys_global_symbol_pipe='"sed -n -e '\''s/^.*[ 	]\\([ABCDGIRSTW][ABCDGIRSTW]*\\)[ 	][ 	]*\\([_A-Za-z][_A-Za-z0-9]*\\)\$/\\1 \\2 \\2/p'\''"'
lt_lt_cv_sys_global_symbol_to_c_name_address='"sed -n -e '\''s/^: \\([^ ]*\\) \$/  {\\\"\\1\\\", (lt_ptr) 0},/p'\'' -e '\''s/^[BCDEGRST] \\([^ ]*\\) \\([^ ]*\\)\$/  {\"\\2\", (lt_ptr) \\&\\2},/p'\''"'
lt_lt_cv_sys_global_symbol_to_cdecl='"sed -n -e '\''s/^. .* \\(.*\\)\$/extern int \\1;/p'\''"'

## ----------------- ##
## Output variables. ##
## ----------------- ##

ACLOCAL='${SHELL} /home/xxz/project/ds/missing --run aclocal-1.10'
AMDEPBACKSLASH='\'
AMDEP_FALSE='#'
AMDEP_TRUE=''
AMTAR='${SHELL} /home/xxz/project/ds/missing --run tar'
AR='ar'
AUTOCONF='${SHELL} /home/xxz/project/ds/missing --run autoconf'
AUTOHEADER='${SHELL} /home/xxz/project/ds/missing --run autoheader'
AUTOMAKE='${SHELL} /home/xxz/project/ds/missing --run automake-1.10'
AWK='gawk'
CC='gcc'
CCDEPMODE='depmode=gcc3'
CFLAGS='-g -O2'
CPP='gcc -E'
CPPFLAGS=''
CXX='g++'
CXXCPP='g++ -E'
CXXDEPMODE='depmode=gcc3'
CXXFLAGS='-g -O2'
CYGPATH_W='echo'
DEFS='-DHAVE_CONFIG_H'
DEPDIR='.deps'
DSYMUTIL=''
ECHO='echo'
ECHO_C=''
ECHO_N='-n'
ECHO_T=''
EGREP='/bin/grep -E'
EXEEXT=''
F77=''
FFLAGS=''
GREP='/bin/grep'
INSTALL_DATA='${INSTALL} -m 644'
INSTALL_PROGRAM='${INSTALL}'
INSTALL_SCRIPT='${INSTALL}'
INSTALL_STRIP_PROGRAM='$(install_sh) -c -s'
LDFLAGS=''
LIBOBJS=''
LIBS=''
LIBTOOL='$(SHELL) $(top_builddir)/libtool'
LN_S='ln -s'
LTLIBOBJS=''
MAKEINFO='${SHELL} /home/xxz/project/ds/missing --run makeinfo'
NMEDIT=''
OBJEXT='o'
PACKAGE='dslib'
PACKAGE_BUGREPORT='xxz1983@gmail.com'
PACKAGE_NAME='dslib'
PACKAGE_STRING='dslib 0.0'
PACKAGE_TARNAME='dslib'
PACKAGE_VERSION='0.0'
PATH_SEPARATOR=':'
RANLIB='ranlib'
SED='/bin/sed'
SET_MAKE=''
SHELL='/bin/bash'
STRIP='strip'
VERSION='0.0'
ac_ct_CC='gcc'
ac_ct_CXX='g++'
ac_ct_F77=''
am__fastdepCC_FALSE='#'
am__fastdepCC_TRUE=''
am__fastdepCXX_FALSE='#'
am__fastdepCXX_TRUE=''
am__include='include'
am__isrc=''
am__leading_dot='.'
am__quote=''
am__tar='${AMTAR} chof - "$$tardir"'
am__untar='${AMTAR} xf -'
bindir='${exec_prefix}/bin'
build='i686-pc-linux-gnu'
build_alias=''
build_cpu='i686'
build_os='linux-gnu'
build_vendor='pc'
datadir='${datarootdir}'
datarootdir='${prefix}/share'
docdir='${datarootdir}/doc/${PACKAGE_TARNAME}'
dvidir='${docdir}'
exec_prefix='${prefix}'
host='i686-pc-linux-gnu'
host_alias=''
host_cpu='i686'
host_os='linux-gnu'
host_vendor='pc'
htmldir='${docdir}'
includedir='${prefix}/include'
infodir='${datarootdir}/info'
install_sh='$(SHELL) /home/xxz/project/ds/install-sh'
libdir='${exec_prefix}/lib'
libexecdir='${exec_prefix}/libexec'
localedir='${datarootdir}/locale'
localstatedir='${prefix}/var'
mandir='${datarootdir}/man'
mkdir_p='/bin/mkdir -p'
oldincludedir='/usr/include'
pdfdir='${docdir}'
prefix='/usr/local'
program_transform_name='s,x,x,'
psdir='${docdir}'
sbindir='${exec_prefix}/sbin'
sharedstatedir='${prefix}/com'
sysconfdir='${prefix}/etc'
target_alias=''

## ----------- ##
## confdefs.h. ##
## ----------- ##

#define PACKAGE_NAME "dslib"
#define PACKAGE_TARNAME "dslib"
#define PACKAGE_VERSION "0.0"
#define PACKAGE_STRING "dslib 0.0"
#define PACKAGE_BUGREPORT "xxz1983@gmail.com"
#define PACKAGE "dslib"
#define VERSION "0.0"
#define STDC_HEADERS 1
#define HAVE_SYS_TYPES_H 1
#define HAVE_SYS_STAT_H 1
#define HAVE_STDLIB_H 1
#define HAVE_STRING_H 1
#define HAVE_MEMORY_H 1
#define HAVE_STRINGS_H 1
#define HAVE_INTTYPES_H 1
#define HAVE_STDINT_H 1
#define HAVE_UNISTD_H 1
#define HAVE_DLFCN_H 1
#define HAVE_STDLIB_H 1
#define HAVE_MALLOC 1

configure: exit 0

## ---------------------- ##
## Running config.status. ##
## ---------------------- ##

This file was extended by dslib config.status 0.0, which was
generated by GNU Autoconf 2.61.  Invocation command line was

  CONFIG_FILES    = 
  CONFIG_HEADERS  = 
  CONFIG_LINKS    = 
  CONFIG_COMMANDS = 
  $ ./config.status src/Makefile depfiles

on blue

config.status:666: creating src/Makefile
config.status:942: executing depfiles commands
